<?xml version="1.0" encoding="UTF-8"?>
<!-- Generated by org.testng.reporters.JUnitReportReporter -->
<testsuite hostname="DESKTOP-HOF3APB" failures="0" tests="1" name="variousConcepts.CrmTest" time="19.162" errors="0" timestamp="3 Dec 2023 19:18:46 GMT">
  <testcase classname="variousConcepts.CrmTest" name="validateZipCodeField" time="19.162"/>
</testsuite> <!-- variousConcepts.CrmTest -->
